
===========================================================================
report_checks -unconstrained
===========================================================================
======================= min_tt_025C_1v80 Corner ===================================

Startpoint: b[1] (input port clocked by clk)
Endpoint: sum[31] (output port clocked by clk)
Path Group: clk
Path Type: max

Fanout         Cap        Slew       Delay        Time   Description
---------------------------------------------------------------------------------------------
                                  0.000000    0.000000   clock clk (rise edge)
                                  0.000000    0.000000   clock network delay (propagated)
                                  1.000000    1.000000 ^ input external delay
     1    0.002638    0.000000    0.000000    1.000000 ^ b[1] (in)
                                                         b[1] (net)
                      0.000021    0.000011    1.000011 ^ input44/A (sky130_fd_sc_hd__buf_1)
     4    0.017570    0.210642    0.181894    1.181904 ^ input44/X (sky130_fd_sc_hd__buf_1)
                                                         net44 (net)
                      0.210645    0.000693    1.182597 ^ _298_/A (sky130_fd_sc_hd__nand2_1)
     3    0.010988    0.106132    0.137587    1.320184 v _298_/Y (sky130_fd_sc_hd__nand2_1)
                                                         _082_ (net)
                      0.106132    0.000169    1.320353 v _304_/A (sky130_fd_sc_hd__nand3_2)
     3    0.018235    0.114195    0.131272    1.451625 ^ _304_/Y (sky130_fd_sc_hd__nand3_2)
                                                         _088_ (net)
                      0.114199    0.000565    1.452189 ^ _308_/B1 (sky130_fd_sc_hd__a22oi_4)
     3    0.022157    0.087726    0.089041    1.541231 v _308_/Y (sky130_fd_sc_hd__a22oi_4)
                                                         _092_ (net)
                      0.087729    0.000862    1.542093 v _311_/B2 (sky130_fd_sc_hd__o221ai_4)
     3    0.010048    0.188297    0.169382    1.711474 ^ _311_/Y (sky130_fd_sc_hd__o221ai_4)
                                                         _095_ (net)
                      0.188297    0.000187    1.711661 ^ _315_/C1 (sky130_fd_sc_hd__o211ai_1)
     1    0.003164    0.085452    0.116621    1.828283 v _315_/Y (sky130_fd_sc_hd__o211ai_1)
                                                         _099_ (net)
                      0.085452    0.000028    1.828311 v _317_/C1 (sky130_fd_sc_hd__o211ai_1)
     2    0.005877    0.197329    0.117825    1.946136 ^ _317_/Y (sky130_fd_sc_hd__o211ai_1)
                                                         _101_ (net)
                      0.197329    0.000088    1.946225 ^ _321_/C1 (sky130_fd_sc_hd__o211ai_1)
     1    0.003140    0.086877    0.118501    2.064725 v _321_/Y (sky130_fd_sc_hd__o211ai_1)
                                                         _105_ (net)
                      0.086877    0.000026    2.064752 v _323_/C1 (sky130_fd_sc_hd__o211ai_1)
     1    0.003049    0.150134    0.095886    2.160638 ^ _323_/Y (sky130_fd_sc_hd__o211ai_1)
                                                         _107_ (net)
                      0.150134    0.000020    2.160658 ^ _327_/C1 (sky130_fd_sc_hd__o211ai_1)
     1    0.005533    0.096780    0.125877    2.286535 v _327_/Y (sky130_fd_sc_hd__o211ai_1)
                                                         _111_ (net)
                      0.096780    0.000058    2.286593 v _329_/C1 (sky130_fd_sc_hd__o211ai_2)
     2    0.012623    0.207842    0.111732    2.398325 ^ _329_/Y (sky130_fd_sc_hd__o211ai_2)
                                                         _113_ (net)
                      0.207842    0.000149    2.398474 ^ _333_/C1 (sky130_fd_sc_hd__o211ai_4)
     2    0.014765    0.095094    0.122018    2.520491 v _333_/Y (sky130_fd_sc_hd__o211ai_4)
                                                         _117_ (net)
                      0.095095    0.000533    2.521024 v _335_/C1 (sky130_fd_sc_hd__o211ai_4)
     3    0.018197    0.214105    0.117312    2.638337 ^ _335_/Y (sky130_fd_sc_hd__o211ai_4)
                                                         _119_ (net)
                      0.214105    0.000636    2.638973 ^ _340_/C1 (sky130_fd_sc_hd__o211ai_2)
     1    0.009031    0.104817    0.139061    2.778034 v _340_/Y (sky130_fd_sc_hd__o211ai_2)
                                                         _124_ (net)
                      0.104817    0.000084    2.778118 v _341_/C1 (sky130_fd_sc_hd__o211ai_4)
     2    0.019398    0.221307    0.124947    2.903064 ^ _341_/Y (sky130_fd_sc_hd__o211ai_4)
                                                         _125_ (net)
                      0.221307    0.000286    2.903350 ^ _345_/C1 (sky130_fd_sc_hd__o211ai_4)
     2    0.021852    0.113232    0.142792    3.046142 v _345_/Y (sky130_fd_sc_hd__o211ai_4)
                                                         _129_ (net)
                      0.113235    0.000665    3.046808 v _347_/C1 (sky130_fd_sc_hd__o211ai_4)
     1    0.043112    0.365858    0.185204    3.232012 ^ _347_/Y (sky130_fd_sc_hd__o211ai_4)
                                                         _131_ (net)
                      0.366217    0.008883    3.240895 ^ _351_/C1 (sky130_fd_sc_hd__o211ai_2)
     1    0.009273    0.130880    0.170282    3.411176 v _351_/Y (sky130_fd_sc_hd__o211ai_2)
                                                         _135_ (net)
                      0.130880    0.000384    3.411561 v _353_/C1 (sky130_fd_sc_hd__o211ai_1)
     2    0.008181    0.237521    0.156390    3.567951 ^ _353_/Y (sky130_fd_sc_hd__o211ai_1)
                                                         _137_ (net)
                      0.237521    0.000153    3.568103 ^ _358_/C1 (sky130_fd_sc_hd__o211ai_1)
     1    0.003297    0.095239    0.129219    3.697322 v _358_/Y (sky130_fd_sc_hd__o211ai_1)
                                                         _142_ (net)
                      0.095239    0.000042    3.697364 v _360_/C1 (sky130_fd_sc_hd__o211ai_1)
     1    0.003737    0.160117    0.105136    3.802500 ^ _360_/Y (sky130_fd_sc_hd__o211ai_1)
                                                         _144_ (net)
                      0.160117    0.000036    3.802536 ^ _364_/C1 (sky130_fd_sc_hd__o211ai_1)
     2    0.008287    0.120676    0.148992    3.951528 v _364_/Y (sky130_fd_sc_hd__o211ai_1)
                                                         _148_ (net)
                      0.120676    0.000203    3.951730 v _366_/C1 (sky130_fd_sc_hd__o211ai_1)
     2    0.007177    0.220091    0.143799    4.095529 ^ _366_/Y (sky130_fd_sc_hd__o211ai_1)
                                                         _150_ (net)
                      0.220091    0.000109    4.095638 ^ _370_/C1 (sky130_fd_sc_hd__o211ai_1)
     1    0.004483    0.101100    0.135707    4.231346 v _370_/Y (sky130_fd_sc_hd__o211ai_1)
                                                         _154_ (net)
                      0.101100    0.000080    4.231426 v _372_/C1 (sky130_fd_sc_hd__o211ai_1)
     2    0.006910    0.215544    0.132962    4.364388 ^ _372_/Y (sky130_fd_sc_hd__o211ai_1)
                                                         _156_ (net)
                      0.215544    0.000131    4.364518 ^ _376_/C1 (sky130_fd_sc_hd__o211ai_1)
     1    0.003492    0.092797    0.125810    4.490329 v _376_/Y (sky130_fd_sc_hd__o211ai_1)
                                                         _160_ (net)
                      0.092797    0.000031    4.490360 v _377_/C1 (sky130_fd_sc_hd__o211ai_1)
     1    0.005542    0.191460    0.118417    4.608777 ^ _377_/Y (sky130_fd_sc_hd__o211ai_1)
                                                         _161_ (net)
                      0.191460    0.000073    4.608850 ^ _381_/C1 (sky130_fd_sc_hd__o211ai_2)
     1    0.009858    0.104545    0.136623    4.745472 v _381_/Y (sky130_fd_sc_hd__o211ai_2)
                                                         _165_ (net)
                      0.104545    0.000195    4.745667 v _383_/C1 (sky130_fd_sc_hd__o211ai_4)
     3    0.015981    0.200902    0.116070    4.861737 ^ _383_/Y (sky130_fd_sc_hd__o211ai_4)
                                                         _167_ (net)
                      0.200902    0.000312    4.862050 ^ _386_/C1 (sky130_fd_sc_hd__o211ai_4)
     4    0.017816    0.100819    0.127850    4.989899 v _386_/Y (sky130_fd_sc_hd__o211ai_4)
                                                         _170_ (net)
                      0.100820    0.000576    4.990475 v _387_/C1 (sky130_fd_sc_hd__o211ai_2)
     3    0.015374    0.235138    0.123551    5.114027 ^ _387_/Y (sky130_fd_sc_hd__o211ai_2)
                                                         _171_ (net)
                      0.235138    0.000434    5.114461 ^ _463_/C1 (sky130_fd_sc_hd__o221ai_1)
     1    0.004774    0.119469    0.175241    5.289702 v _463_/Y (sky130_fd_sc_hd__o221ai_1)
                                                         _214_ (net)
                      0.119469    0.000088    5.289790 v _465_/A (sky130_fd_sc_hd__nand2_1)
     1    0.002899    0.050381    0.085147    5.374937 ^ _465_/Y (sky130_fd_sc_hd__nand2_1)
                                                         bit_adder[31].FA.sum (net)
                      0.050381    0.000021    5.374958 ^ _479_/A (sky130_fd_sc_hd__buf_1)
     1    0.010113    0.126107    0.140727    5.515685 ^ _479_/X (sky130_fd_sc_hd__buf_1)
                                                         net92 (net)
                      0.126108    0.000218    5.515903 ^ output92/A (sky130_fd_sc_hd__clkbuf_16)
     1   10.000707    9.753920    6.955378   12.471280 ^ output92/X (sky130_fd_sc_hd__clkbuf_16)
                                                         sum[31] (net)
                      9.754352    0.055269   12.526549 ^ sum[31] (out)
                                             12.526549   data arrival time

                                 22.000000   22.000000   clock clk (rise edge)
                                  0.000000   22.000000   clock network delay (propagated)
                                 -0.200000   21.800001   clock uncertainty
                                  0.000000   21.800001   clock reconvergence pessimism
                                 -0.500000   21.300001   output external delay
                                             21.300001   data required time
---------------------------------------------------------------------------------------------
                                             21.300001   data required time
                                            -12.526549   data arrival time
---------------------------------------------------------------------------------------------
                                              8.773452   slack (MET)




===========================================================================
report_checks --slack_max -0.01
============================================================================
======================= min_tt_025C_1v80 Corner ===================================

No paths found.


===========================================================================
 report_check_types -max_slew -max_cap -max_fanout -violators
============================================================================
======================= min_tt_025C_1v80 Corner ===================================

max slew

Pin                                        Limit        Slew       Slack
------------------------------------------------------------------------
output75/X                              1.508186    9.828032   -8.319846 (VIOLATED)
output74/X                              1.508186    9.821663   -8.313478 (VIOLATED)
output77/X                              1.508186    9.788737   -8.280552 (VIOLATED)
output84/X                              1.508186    9.761678   -8.253492 (VIOLATED)
output85/X                              1.508186    9.760912   -8.252726 (VIOLATED)
output83/X                              1.508186    9.760739   -8.252554 (VIOLATED)
output67/X                              1.508186    9.759803   -8.251617 (VIOLATED)
output97/X                              1.508186    9.758179   -8.249993 (VIOLATED)
output91/X                              1.508186    9.757685   -8.249499 (VIOLATED)
output96/X                              1.508186    9.757565   -8.249380 (VIOLATED)
output90/X                              1.508186    9.756815   -8.248630 (VIOLATED)
output88/X                              1.508186    9.755178   -8.246993 (VIOLATED)
output89/X                              1.508186    9.754626   -8.246441 (VIOLATED)
output92/X                              1.508186    9.753920   -8.245734 (VIOLATED)
output86/X                              1.508186    9.753657   -8.245472 (VIOLATED)
output76/X                              1.508186    9.753423   -8.245236 (VIOLATED)
output80/X                              1.508186    9.753256   -8.245070 (VIOLATED)
output99/X                              1.508186    9.752600   -8.244414 (VIOLATED)
output79/X                              1.508186    9.749412   -8.241225 (VIOLATED)
output73/X                              1.508186    9.749393   -8.241207 (VIOLATED)
output87/X                              1.508186    9.748456   -8.240270 (VIOLATED)
output95/X                              1.508186    9.748167   -8.239982 (VIOLATED)
output93/X                              1.508186    9.746778   -8.238593 (VIOLATED)
output72/X                              1.508186    9.745189   -8.237003 (VIOLATED)
output70/X                              1.508186    9.743310   -8.235125 (VIOLATED)
output78/X                              1.508186    9.742491   -8.234305 (VIOLATED)
output94/X                              1.508186    9.741762   -8.233577 (VIOLATED)
output98/X                              1.508186    9.741278   -8.233091 (VIOLATED)
output81/X                              1.508186    9.739488   -8.231302 (VIOLATED)
output66/X                              1.508186    9.739127   -8.230942 (VIOLATED)
output68/X                              1.508186    9.736418   -8.228232 (VIOLATED)
output82/X                              1.508186    9.734231   -8.226045 (VIOLATED)
output69/X                              1.508186    9.732697   -8.224512 (VIOLATED)
output71/X                              1.508186    9.727056   -8.218870 (VIOLATED)

max capacitance

Pin                                        Limit         Cap       Slack
------------------------------------------------------------------------
output74/X                              1.531687   10.001265   -8.469578 (VIOLATED)
output75/X                              1.531687   10.001265   -8.469578 (VIOLATED)
output83/X                              1.531687   10.000876   -8.469190 (VIOLATED)
output84/X                              1.531687   10.000837   -8.469150 (VIOLATED)
output77/X                              1.531687   10.000787   -8.469100 (VIOLATED)
output78/X                              1.531687   10.000784   -8.469097 (VIOLATED)
output67/X                              1.531687   10.000767   -8.469080 (VIOLATED)
output85/X                              1.531687   10.000774   -8.469088 (VIOLATED)
output89/X                              1.531687   10.000759   -8.469071 (VIOLATED)
output91/X                              1.531687   10.000751   -8.469064 (VIOLATED)
output81/X                              1.531687   10.000718   -8.469031 (VIOLATED)
output86/X                              1.531687   10.000708   -8.469021 (VIOLATED)
output87/X                              1.531687   10.000712   -8.469025 (VIOLATED)
output80/X                              1.531687   10.000692   -8.469005 (VIOLATED)
output88/X                              1.531687   10.000700   -8.469013 (VIOLATED)
output92/X                              1.531687   10.000707   -8.469020 (VIOLATED)
output76/X                              1.531687   10.000665   -8.468977 (VIOLATED)
output82/X                              1.531687   10.000667   -8.468980 (VIOLATED)
output73/X                              1.531687   10.000483   -8.468795 (VIOLATED)
output68/X                              1.531687   10.000457   -8.468770 (VIOLATED)
output93/X                              1.531687   10.000464   -8.468777 (VIOLATED)
output95/X                              1.531687   10.000464   -8.468777 (VIOLATED)
output97/X                              1.531687   10.000462   -8.468775 (VIOLATED)
output96/X                              1.531687   10.000447   -8.468760 (VIOLATED)
output90/X                              1.531687   10.000434   -8.468746 (VIOLATED)
output66/X                              1.531687   10.000404   -8.468717 (VIOLATED)
output79/X                              1.531687   10.000398   -8.468711 (VIOLATED)
output99/X                              1.531687   10.000362   -8.468676 (VIOLATED)
output69/X                              1.531687   10.000342   -8.468656 (VIOLATED)
output94/X                              1.531687   10.000349   -8.468661 (VIOLATED)
output72/X                              1.531687   10.000335   -8.468648 (VIOLATED)
output70/X                              1.531687   10.000307   -8.468620 (VIOLATED)
output71/X                              1.531687   10.000283   -8.468596 (VIOLATED)
output98/X                              1.531687   10.000283   -8.468596 (VIOLATED)



===========================================================================
report_parasitic_annotation -report_unannotated
============================================================================
Found 1 unannotated drivers.
 clk
Found 0 partially unannotated drivers.

===========================================================================
max slew violation count 34
max fanout violation count 0
max cap violation count 34
============================================================================

===========================================================================
check_setup -verbose -unconstrained_endpoints -multiple_clock -no_clock -no_input_delay -loops -generated_clocks
===========================================================================
