[WARNING ORD-0039] .openroad ignored with -python
Unannotated report:
['report_parasitic_annotation -report_unannotated\n',
 '============================================================================\n',
 'Found 65 unannotated drivers.\n',
 ' clkload0/Y\n',
 ' clkload1/Y\n',
 ' clkload10/X\n',
 ' clkload11/X\n',
 ' clkload12/X\n',
 ' clkload13/X\n',
 ' clkload14/X\n',
 ' clkload15/X\n',
 ' clkload16/X\n',
 ' clkload17/X\n',
 ' clkload18/X\n',
 ' clkload19/X\n',
 ' clkload2/Y\n',
 ' clkload20/X\n',
 ' clkload21/X\n',
 ' clkload22/X\n',
 ' clkload23/X\n',
 ' clkload24/X\n',
 ' clkload25/X\n',
 ' clkload26/X\n',
 ' clkload27/X\n',
 ' clkload28/X\n',
 ' clkload29/Y\n',
 ' clkload3/Y\n',
 ' clkload30/Y\n',
 ' clkload31/Y\n',
 ' clkload32/Y\n',
 ' clkload33/Y\n',
 ' clkload34/Y\n',
 ' clkload35/Y\n',
 ' clkload36/X\n',
 ' clkload37/X\n',
 ' clkload38/X\n',
 ' clkload39/Y\n',
 ' clkload4/X\n',
 ' clkload40/Y\n',
 ' clkload41/Y\n',
 ' clkload42/X\n',
 ' clkload43/X\n',
 ' clkload44/X\n',
 ' clkload45/Y\n',
 ' clkload46/X\n',
 ' clkload47/Y\n',
 ' clkload48/X\n',
 ' clkload49/X\n',
 ' clkload5/X\n',
 ' clkload50/X\n',
 ' clkload51/Y\n',
 ' clkload52/Y\n',
 ' clkload53/X\n',
 ' clkload54/Y\n',
 ' clkload55/Y\n',
 ' clkload56/Y\n',
 ' clkload57/Y\n',
 ' clkload58/X\n',
 ' clkload59/Y\n',
 ' clkload6/X\n',
 ' clkload60/X\n',
 ' clkload61/X\n',
 ' clkload62/X\n',
 ' clkload63/Y\n',
 ' clkload64/X\n',
 ' clkload7/X\n',
 ' clkload8/X\n',
 ' clkload9/X\n',
 'Found 0 partially unannotated drivers.\n',
 '\n']
Reported nets:
['clkload0/Y',
 'clkload1/Y',
 'clkload10/X',
 'clkload11/X',
 'clkload12/X',
 'clkload13/X',
 'clkload14/X',
 'clkload15/X',
 'clkload16/X',
 'clkload17/X',
 'clkload18/X',
 'clkload19/X',
 'clkload2/Y',
 'clkload20/X',
 'clkload21/X',
 'clkload22/X',
 'clkload23/X',
 'clkload24/X',
 'clkload25/X',
 'clkload26/X',
 'clkload27/X',
 'clkload28/X',
 'clkload29/Y',
 'clkload3/Y',
 'clkload30/Y',
 'clkload31/Y',
 'clkload32/Y',
 'clkload33/Y',
 'clkload34/Y',
 'clkload35/Y',
 'clkload36/X',
 'clkload37/X',
 'clkload38/X',
 'clkload39/Y',
 'clkload4/X',
 'clkload40/Y',
 'clkload41/Y',
 'clkload42/X',
 'clkload43/X',
 'clkload44/X',
 'clkload45/Y',
 'clkload46/X',
 'clkload47/Y',
 'clkload48/X',
 'clkload49/X',
 'clkload5/X',
 'clkload50/X',
 'clkload51/Y',
 'clkload52/Y',
 'clkload53/X',
 'clkload54/Y',
 'clkload55/Y',
 'clkload56/Y',
 'clkload57/Y',
 'clkload58/X',
 'clkload59/Y',
 'clkload6/X',
 'clkload60/X',
 'clkload61/X',
 'clkload62/X',
 'clkload63/Y',
 'clkload64/X',
 'clkload7/X',
 'clkload8/X',
 'clkload9/X']
Filtered nets:
[]
done
