
===========================================================================
report_checks -unconstrained
===========================================================================
======================= nom_tt_025C_1v80 Corner ===================================

Startpoint: a[0] (input port clocked by clk)
Endpoint: sum[31] (output port clocked by clk)
Path Group: clk
Path Type: max

Fanout         Cap        Slew       Delay        Time   Description
---------------------------------------------------------------------------------------------
                                  0.000000    0.000000   clock clk (rise edge)
                                  0.000000    0.000000   clock network delay (propagated)
                                  1.000000    1.000000 ^ input external delay
     1    0.002623    0.000000    0.000000    1.000000 ^ a[0] (in)
                                                         a[0] (net)
                      0.000067    0.000034    1.000034 ^ input1/A (sky130_fd_sc_hd__buf_2)
     8    0.032035    0.159623    0.172867    1.172901 ^ input1/X (sky130_fd_sc_hd__buf_2)
                                                         net1 (net)
                      0.159640    0.001346    1.174247 ^ _276_/A2 (sky130_fd_sc_hd__a21o_1)
     3    0.014611    0.133036    0.205913    1.380160 ^ _276_/X (sky130_fd_sc_hd__a21o_1)
                                                         _082_ (net)
                      0.133036    0.000352    1.380512 ^ _280_/C1 (sky130_fd_sc_hd__o221ai_4)
     2    0.009576    0.090096    0.121413    1.501925 v _280_/Y (sky130_fd_sc_hd__o221ai_4)
                                                         _086_ (net)
                      0.090096    0.000296    1.502221 v _282_/C1 (sky130_fd_sc_hd__o211ai_2)
     2    0.012680    0.208314    0.108802    1.611023 ^ _282_/Y (sky130_fd_sc_hd__o211ai_2)
                                                         _088_ (net)
                      0.208314    0.000565    1.611588 ^ _284_/C1 (sky130_fd_sc_hd__o211ai_2)
     2    0.008551    0.101672    0.135246    1.746834 v _284_/Y (sky130_fd_sc_hd__o211ai_2)
                                                         _090_ (net)
                      0.101672    0.000252    1.747086 v _287_/C1 (sky130_fd_sc_hd__o211ai_2)
     3    0.013609    0.217521    0.117371    1.864457 ^ _287_/Y (sky130_fd_sc_hd__o211ai_2)
                                                         _093_ (net)
                      0.217522    0.000678    1.865135 ^ _288_/C1 (sky130_fd_sc_hd__o211ai_1)
     2    0.006499    0.116686    0.152383    2.017518 v _288_/Y (sky130_fd_sc_hd__o211ai_1)
                                                         _094_ (net)
                      0.116686    0.000204    2.017722 v _291_/C1 (sky130_fd_sc_hd__o211ai_1)
     2    0.008006    0.234446    0.148574    2.166296 ^ _291_/Y (sky130_fd_sc_hd__o211ai_1)
                                                         _097_ (net)
                      0.234446    0.000244    2.166539 ^ _293_/C1 (sky130_fd_sc_hd__o211ai_1)
     2    0.007589    0.127541    0.165618    2.332156 v _293_/Y (sky130_fd_sc_hd__o211ai_1)
                                                         _099_ (net)
                      0.127541    0.000272    2.332429 v _295_/A (sky130_fd_sc_hd__nand2_1)
     1    0.006735    0.077742    0.114327    2.446756 ^ _295_/Y (sky130_fd_sc_hd__nand2_1)
                                                         _101_ (net)
                      0.077742    0.000218    2.446974 ^ _305_/B2 (sky130_fd_sc_hd__a2bb2oi_2)
     3    0.017509    0.075939    0.090459    2.537433 v _305_/Y (sky130_fd_sc_hd__a2bb2oi_2)
                                                         _111_ (net)
                      0.075951    0.000786    2.538219 v _308_/B2 (sky130_fd_sc_hd__o221ai_4)
     2    0.013278    0.207907    0.180571    2.718790 ^ _308_/Y (sky130_fd_sc_hd__o221ai_4)
                                                         _114_ (net)
                      0.207907    0.000548    2.719338 ^ _310_/C1 (sky130_fd_sc_hd__o211ai_4)
     3    0.019533    0.105768    0.133525    2.852864 v _310_/Y (sky130_fd_sc_hd__o211ai_4)
                                                         _116_ (net)
                      0.105772    0.001109    2.853973 v _312_/B1 (sky130_fd_sc_hd__a22oi_4)
     2    0.051698    0.406976    0.351540    3.205513 ^ _312_/Y (sky130_fd_sc_hd__a22oi_4)
                                                         _118_ (net)
                      0.407589    0.012459    3.217972 ^ _317_/A2 (sky130_fd_sc_hd__o21bai_2)
     2    0.012934    0.101493    0.140144    3.358116 v _317_/Y (sky130_fd_sc_hd__o21bai_2)
                                                         _123_ (net)
                      0.101493    0.000423    3.358540 v _319_/C1 (sky130_fd_sc_hd__o211ai_4)
     3    0.016912    0.206430    0.116934    3.475473 ^ _319_/Y (sky130_fd_sc_hd__o211ai_4)
                                                         _125_ (net)
                      0.206431    0.000740    3.476213 ^ _320_/C1 (sky130_fd_sc_hd__o211ai_4)
     2    0.014277    0.093769    0.120524    3.596736 v _320_/Y (sky130_fd_sc_hd__o211ai_4)
                                                         _126_ (net)
                      0.093770    0.000486    3.597223 v _328_/B1 (sky130_fd_sc_hd__a22oi_4)
     3    0.080624    0.586906    0.470413    4.067636 ^ _328_/Y (sky130_fd_sc_hd__a22oi_4)
                                                         _134_ (net)
                      0.589286    0.029989    4.097625 ^ _331_/A2 (sky130_fd_sc_hd__o21bai_2)
     2    0.012690    0.122835    0.155324    4.252950 v _331_/Y (sky130_fd_sc_hd__o21bai_2)
                                                         _137_ (net)
                      0.122835    0.000454    4.253404 v _333_/C1 (sky130_fd_sc_hd__o211ai_4)
     2    0.018533    0.216096    0.130646    4.384050 ^ _333_/Y (sky130_fd_sc_hd__o211ai_4)
                                                         _139_ (net)
                      0.216098    0.001087    4.385137 ^ _335_/C1 (sky130_fd_sc_hd__o211ai_4)
     2    0.031875    0.136499    0.163960    4.549096 v _335_/Y (sky130_fd_sc_hd__o211ai_4)
                                                         _141_ (net)
                      0.136715    0.004137    4.553233 v _337_/B1 (sky130_fd_sc_hd__a22oi_4)
     3    0.044851    0.364777    0.332477    4.885710 ^ _337_/Y (sky130_fd_sc_hd__a22oi_4)
                                                         _143_ (net)
                      0.365136    0.008981    4.894691 ^ _340_/A2 (sky130_fd_sc_hd__o21bai_1)
     2    0.009157    0.110052    0.157548    5.052239 v _340_/Y (sky130_fd_sc_hd__o21bai_1)
                                                         _146_ (net)
                      0.110052    0.000373    5.052612 v _342_/C1 (sky130_fd_sc_hd__o211ai_2)
     2    0.013315    0.214672    0.120176    5.172788 ^ _342_/Y (sky130_fd_sc_hd__o211ai_2)
                                                         _148_ (net)
                      0.214672    0.000311    5.173100 ^ _344_/C1 (sky130_fd_sc_hd__o211ai_4)
     2    0.014355    0.095303    0.122458    5.295557 v _344_/Y (sky130_fd_sc_hd__o211ai_4)
                                                         _150_ (net)
                      0.095305    0.000715    5.296272 v _346_/B1 (sky130_fd_sc_hd__a22oi_4)
     3    0.015494    0.189193    0.183507    5.479779 ^ _346_/Y (sky130_fd_sc_hd__a22oi_4)
                                                         _152_ (net)
                      0.189194    0.000714    5.480493 ^ _350_/A2 (sky130_fd_sc_hd__o21bai_1)
     1    0.007417    0.079150    0.115788    5.596281 v _350_/Y (sky130_fd_sc_hd__o21bai_1)
                                                         _156_ (net)
                      0.079150    0.000275    5.596556 v _352_/C1 (sky130_fd_sc_hd__o211ai_2)
     2    0.013077    0.212329    0.105354    5.701910 ^ _352_/Y (sky130_fd_sc_hd__o211ai_2)
                                                         _158_ (net)
                      0.212329    0.000444    5.702353 ^ _354_/C1 (sky130_fd_sc_hd__o211ai_4)
     2    0.013811    0.093696    0.120676    5.823030 v _354_/Y (sky130_fd_sc_hd__o211ai_4)
                                                         _160_ (net)
                      0.093697    0.000461    5.823490 v _356_/B1 (sky130_fd_sc_hd__a22oi_4)
     4    0.030509    0.277638    0.252732    6.076222 ^ _356_/Y (sky130_fd_sc_hd__a22oi_4)
                                                         _162_ (net)
                      0.277657    0.001745    6.077967 ^ _359_/B2 (sky130_fd_sc_hd__o221ai_4)
     3    0.017578    0.118118    0.168390    6.246357 v _359_/Y (sky130_fd_sc_hd__o221ai_4)
                                                         _165_ (net)
                      0.118120    0.000844    6.247200 v _362_/C1 (sky130_fd_sc_hd__o211ai_4)
     4    0.017115    0.207646    0.124977    6.372178 ^ _362_/Y (sky130_fd_sc_hd__o211ai_4)
                                                         _168_ (net)
                      0.207646    0.000434    6.372612 ^ _364_/C1 (sky130_fd_sc_hd__o221ai_1)
     1    0.002910    0.098661    0.148803    6.521415 v _364_/Y (sky130_fd_sc_hd__o221ai_1)
                                                         _170_ (net)
                      0.098661    0.000088    6.521503 v _366_/A (sky130_fd_sc_hd__nand2_1)
     1    0.005929    0.072294    0.096730    6.618233 ^ _366_/Y (sky130_fd_sc_hd__nand2_1)
                                                         carry_ripple[7].RA.full_adder[3].FA.out (net)
                      0.072294    0.000254    6.618487 ^ _453_/A (sky130_fd_sc_hd__buf_1)
     1    0.008514    0.107892    0.134051    6.752538 ^ _453_/X (sky130_fd_sc_hd__buf_1)
                                                         net92 (net)
                      0.107892    0.000268    6.752806 ^ output92/A (sky130_fd_sc_hd__clkbuf_16)
     1   10.001915    9.955244    6.865121   13.617927 ^ output92/X (sky130_fd_sc_hd__clkbuf_16)
                                                         sum[31] (net)
                      9.970024    0.318385   13.936312 ^ sum[31] (out)
                                             13.936312   data arrival time

                                 24.000000   24.000000   clock clk (rise edge)
                                  0.000000   24.000000   clock network delay (propagated)
                                 -0.200000   23.799999   clock uncertainty
                                  0.000000   23.799999   clock reconvergence pessimism
                                 -0.500000   23.299999   output external delay
                                             23.299999   data required time
---------------------------------------------------------------------------------------------
                                             23.299999   data required time
                                            -13.936312   data arrival time
---------------------------------------------------------------------------------------------
                                              9.363687   slack (MET)




===========================================================================
report_checks --slack_max -0.01
============================================================================
======================= nom_tt_025C_1v80 Corner ===================================

No paths found.


===========================================================================
 report_check_types -max_slew -max_cap -max_fanout -violators
============================================================================
======================= nom_tt_025C_1v80 Corner ===================================

max slew

Pin                                        Limit        Slew       Slack
------------------------------------------------------------------------
output66/X                              1.508186    9.979177   -8.470991 (VIOLATED)
output85/X                              1.508186    9.965117   -8.456931 (VIOLATED)
output87/X                              1.508186    9.962153   -8.453967 (VIOLATED)
output84/X                              1.508186    9.960104   -8.451919 (VIOLATED)
output78/X                              1.508186    9.959969   -8.451782 (VIOLATED)
output92/X                              1.508186    9.955244   -8.447059 (VIOLATED)
output93/X                              1.508186    9.952942   -8.444757 (VIOLATED)
output69/X                              1.508186    9.951900   -8.443713 (VIOLATED)
output94/X                              1.508186    9.942311   -8.434126 (VIOLATED)
output89/X                              1.508186    9.941741   -8.433556 (VIOLATED)
output88/X                              1.508186    9.940023   -8.431838 (VIOLATED)
output96/X                              1.508186    9.937405   -8.429219 (VIOLATED)
output82/X                              1.508186    9.936470   -8.428284 (VIOLATED)
output97/X                              1.508186    9.922312   -8.414126 (VIOLATED)
output98/X                              1.508186    9.921545   -8.413359 (VIOLATED)
output99/X                              1.508186    9.921474   -8.413289 (VIOLATED)
output67/X                              1.508186    9.919421   -8.411236 (VIOLATED)
output90/X                              1.508186    9.918370   -8.410185 (VIOLATED)
output91/X                              1.508186    9.917123   -8.408937 (VIOLATED)
output95/X                              1.508186    9.916771   -8.408586 (VIOLATED)
output79/X                              1.508186    9.916647   -8.408462 (VIOLATED)
output83/X                              1.508186    9.910302   -8.402117 (VIOLATED)
output71/X                              1.508186    9.909070   -8.400885 (VIOLATED)
output80/X                              1.508186    9.904494   -8.396309 (VIOLATED)
output68/X                              1.508186    9.900644   -8.392459 (VIOLATED)
output81/X                              1.508186    9.863146   -8.354960 (VIOLATED)
output86/X                              1.508186    9.856715   -8.348529 (VIOLATED)
output73/X                              1.508186    9.855784   -8.347598 (VIOLATED)
output74/X                              1.508186    9.855340   -8.347155 (VIOLATED)
output72/X                              1.508186    9.855326   -8.347140 (VIOLATED)
output70/X                              1.508186    9.852881   -8.344696 (VIOLATED)
output76/X                              1.508186    9.844931   -8.336745 (VIOLATED)
output75/X                              1.508186    9.844816   -8.336630 (VIOLATED)
output77/X                              1.508186    9.844744   -8.336558 (VIOLATED)

max capacitance

Pin                                        Limit         Cap       Slack
------------------------------------------------------------------------
output85/X                              1.531687   10.002650   -8.470963 (VIOLATED)
output93/X                              1.531687   10.002288   -8.470601 (VIOLATED)
output78/X                              1.531687   10.002175   -8.470489 (VIOLATED)
output87/X                              1.531687   10.002180   -8.470493 (VIOLATED)
output66/X                              1.531687   10.002127   -8.470440 (VIOLATED)
output92/X                              1.531687   10.001915   -8.470228 (VIOLATED)
output84/X                              1.531687   10.001887   -8.470201 (VIOLATED)
output69/X                              1.531687   10.001805   -8.470118 (VIOLATED)
output82/X                              1.531687   10.001722   -8.470036 (VIOLATED)
output96/X                              1.531687   10.001698   -8.470011 (VIOLATED)
output89/X                              1.531687   10.001678   -8.469992 (VIOLATED)
output94/X                              1.531687   10.001637   -8.469951 (VIOLATED)
output88/X                              1.531687   10.001618   -8.469932 (VIOLATED)
output95/X                              1.531687   10.001592   -8.469905 (VIOLATED)
output90/X                              1.531687   10.001413   -8.469727 (VIOLATED)
output97/X                              1.531687   10.001418   -8.469731 (VIOLATED)
output99/X                              1.531687   10.001414   -8.469728 (VIOLATED)
output71/X                              1.531687   10.001398   -8.469711 (VIOLATED)
output98/X                              1.531687   10.001385   -8.469697 (VIOLATED)
output91/X                              1.531687   10.001339   -8.469652 (VIOLATED)
output83/X                              1.531687   10.001324   -8.469637 (VIOLATED)
output79/X                              1.531687   10.001280   -8.469593 (VIOLATED)
output67/X                              1.531687   10.001267   -8.469580 (VIOLATED)
output80/X                              1.531687   10.001104   -8.469417 (VIOLATED)
output68/X                              1.531687   10.001063   -8.469377 (VIOLATED)
output73/X                              1.531687   10.000509   -8.468822 (VIOLATED)
output86/X                              1.531687   10.000513   -8.468825 (VIOLATED)
output72/X                              1.531687   10.000436   -8.468748 (VIOLATED)
output81/X                              1.531687   10.000440   -8.468753 (VIOLATED)
output74/X                              1.531687   10.000350   -8.468662 (VIOLATED)
output70/X                              1.531687   10.000318   -8.468631 (VIOLATED)
output77/X                              1.531687   10.000306   -8.468619 (VIOLATED)
output75/X                              1.531687   10.000294   -8.468607 (VIOLATED)
output76/X                              1.531687   10.000284   -8.468597 (VIOLATED)



===========================================================================
report_parasitic_annotation -report_unannotated
============================================================================
Found 1 unannotated drivers.
 clk
Found 0 partially unannotated drivers.

===========================================================================
max slew violation count 34
max fanout violation count 0
max cap violation count 34
============================================================================

===========================================================================
check_setup -verbose -unconstrained_endpoints -multiple_clock -no_clock -no_input_delay -loops -generated_clocks
===========================================================================
