
===========================================================================
report_checks -unconstrained
===========================================================================
======================= max_tt_025C_1v80 Corner ===================================

Startpoint: b[1] (input port clocked by clk)
Endpoint: sum[31] (output port clocked by clk)
Path Group: clk
Path Type: max

Fanout         Cap        Slew       Delay        Time   Description
---------------------------------------------------------------------------------------------
                                  0.000000    0.000000   clock clk (rise edge)
                                  0.000000    0.000000   clock network delay (propagated)
                                  1.000000    1.000000 ^ input external delay
     1    0.002684    0.000000    0.000000    1.000000 ^ b[1] (in)
                                                         b[1] (net)
                      0.000169    0.000084    1.000085 ^ input44/A (sky130_fd_sc_hd__buf_1)
     4    0.019305    0.230520    0.195014    1.195099 ^ input44/X (sky130_fd_sc_hd__buf_1)
                                                         net44 (net)
                      0.230539    0.001750    1.196849 ^ _298_/A (sky130_fd_sc_hd__nand2_1)
     3    0.011681    0.114035    0.146762    1.343611 v _298_/Y (sky130_fd_sc_hd__nand2_1)
                                                         _082_ (net)
                      0.114084    0.000807    1.344418 v _304_/A (sky130_fd_sc_hd__nand3_2)
     3    0.019239    0.119173    0.137608    1.482026 ^ _304_/Y (sky130_fd_sc_hd__nand3_2)
                                                         _088_ (net)
                      0.119229    0.002032    1.484058 ^ _308_/B1 (sky130_fd_sc_hd__a22oi_4)
     3    0.023501    0.091355    0.092260    1.576319 v _308_/Y (sky130_fd_sc_hd__a22oi_4)
                                                         _092_ (net)
                      0.091409    0.002384    1.578703 v _311_/B2 (sky130_fd_sc_hd__o221ai_4)
     3    0.010524    0.191230    0.173020    1.751723 ^ _311_/Y (sky130_fd_sc_hd__o221ai_4)
                                                         _095_ (net)
                      0.191230    0.000721    1.752444 ^ _315_/C1 (sky130_fd_sc_hd__o211ai_1)
     1    0.003298    0.086996    0.118398    1.870842 v _315_/Y (sky130_fd_sc_hd__o211ai_1)
                                                         _099_ (net)
                      0.086996    0.000145    1.870987 v _317_/C1 (sky130_fd_sc_hd__o211ai_1)
     2    0.006094    0.201132    0.120130    1.991118 ^ _317_/Y (sky130_fd_sc_hd__o211ai_1)
                                                         _101_ (net)
                      0.201132    0.000430    1.991548 ^ _321_/C1 (sky130_fd_sc_hd__o211ai_1)
     1    0.003257    0.088454    0.120362    2.111910 v _321_/Y (sky130_fd_sc_hd__o211ai_1)
                                                         _105_ (net)
                      0.088454    0.000145    2.112055 v _323_/C1 (sky130_fd_sc_hd__o211ai_1)
     1    0.003142    0.149802    0.097319    2.209374 ^ _323_/Y (sky130_fd_sc_hd__o211ai_1)
                                                         _107_ (net)
                      0.149802    0.000140    2.209514 ^ _327_/C1 (sky130_fd_sc_hd__o211ai_1)
     1    0.005755    0.098467    0.127406    2.336920 v _327_/Y (sky130_fd_sc_hd__o211ai_1)
                                                         _111_ (net)
                      0.098468    0.000279    2.337200 v _329_/C1 (sky130_fd_sc_hd__o211ai_2)
     2    0.012952    0.211026    0.113511    2.450711 ^ _329_/Y (sky130_fd_sc_hd__o211ai_2)
                                                         _113_ (net)
                      0.211026    0.000663    2.451374 ^ _333_/C1 (sky130_fd_sc_hd__o211ai_4)
     2    0.015374    0.096992    0.123938    2.575311 v _333_/Y (sky130_fd_sc_hd__o211ai_4)
                                                         _117_ (net)
                      0.096999    0.001561    2.576872 v _335_/C1 (sky130_fd_sc_hd__o211ai_4)
     3    0.019926    0.224327    0.122130    2.699002 ^ _335_/Y (sky130_fd_sc_hd__o211ai_4)
                                                         _119_ (net)
                      0.224331    0.001816    2.700818 ^ _340_/C1 (sky130_fd_sc_hd__o211ai_2)
     1    0.009147    0.107122    0.142251    2.843069 v _340_/Y (sky130_fd_sc_hd__o211ai_2)
                                                         _124_ (net)
                      0.107122    0.000470    2.843539 v _341_/C1 (sky130_fd_sc_hd__o211ai_4)
     2    0.019670    0.222847    0.126250    2.969788 ^ _341_/Y (sky130_fd_sc_hd__o211ai_4)
                                                         _125_ (net)
                      0.222850    0.001445    2.971233 ^ _345_/C1 (sky130_fd_sc_hd__o211ai_4)
     2    0.022653    0.115388    0.144794    3.116027 v _345_/Y (sky130_fd_sc_hd__o211ai_4)
                                                         _129_ (net)
                      0.115478    0.001794    3.117821 v _347_/C1 (sky130_fd_sc_hd__o211ai_4)
     1    0.047663    0.394256    0.195048    3.312869 ^ _347_/Y (sky130_fd_sc_hd__o211ai_4)
                                                         _131_ (net)
                      0.395140    0.014561    3.327429 ^ _351_/C1 (sky130_fd_sc_hd__o211ai_2)
     1    0.010305    0.139841    0.180036    3.507465 v _351_/Y (sky130_fd_sc_hd__o211ai_2)
                                                         _135_ (net)
                      0.139842    0.000880    3.508345 v _353_/C1 (sky130_fd_sc_hd__o211ai_1)
     2    0.008720    0.246999    0.164571    3.672916 ^ _353_/Y (sky130_fd_sc_hd__o211ai_1)
                                                         _137_ (net)
                      0.246999    0.000627    3.673543 ^ _358_/C1 (sky130_fd_sc_hd__o211ai_1)
     1    0.003425    0.097903    0.132592    3.806135 v _358_/Y (sky130_fd_sc_hd__o211ai_1)
                                                         _142_ (net)
                      0.097903    0.000234    3.806369 v _360_/C1 (sky130_fd_sc_hd__o211ai_1)
     1    0.003911    0.163128    0.107684    3.914053 ^ _360_/Y (sky130_fd_sc_hd__o211ai_1)
                                                         _144_ (net)
                      0.163128    0.000176    3.914229 ^ _364_/C1 (sky130_fd_sc_hd__o211ai_1)
     2    0.009015    0.127186    0.155012    4.069242 v _364_/Y (sky130_fd_sc_hd__o211ai_1)
                                                         _148_ (net)
                      0.127188    0.000692    4.069933 v _366_/C1 (sky130_fd_sc_hd__o211ai_1)
     2    0.007716    0.229407    0.150873    4.220806 ^ _366_/Y (sky130_fd_sc_hd__o211ai_1)
                                                         _150_ (net)
                      0.229407    0.000513    4.221319 ^ _370_/C1 (sky130_fd_sc_hd__o211ai_1)
     1    0.004819    0.105292    0.141076    4.362395 v _370_/Y (sky130_fd_sc_hd__o211ai_1)
                                                         _154_ (net)
                      0.105292    0.000309    4.362704 v _372_/C1 (sky130_fd_sc_hd__o211ai_1)
     2    0.007265    0.221642    0.137488    4.500192 ^ _372_/Y (sky130_fd_sc_hd__o211ai_1)
                                                         _156_ (net)
                      0.221643    0.000551    4.500743 ^ _376_/C1 (sky130_fd_sc_hd__o211ai_1)
     1    0.003678    0.095299    0.128894    4.629637 v _376_/Y (sky130_fd_sc_hd__o211ai_1)
                                                         _160_ (net)
                      0.095299    0.000163    4.629800 v _377_/C1 (sky130_fd_sc_hd__o211ai_1)
     1    0.005733    0.194814    0.120943    4.750742 ^ _377_/Y (sky130_fd_sc_hd__o211ai_1)
                                                         _161_ (net)
                      0.194814    0.000423    4.751166 ^ _381_/C1 (sky130_fd_sc_hd__o211ai_2)
     1    0.010098    0.106171    0.138394    4.889560 v _381_/Y (sky130_fd_sc_hd__o211ai_2)
                                                         _165_ (net)
                      0.106173    0.000882    4.890442 v _383_/C1 (sky130_fd_sc_hd__o211ai_4)
     3    0.016543    0.204204    0.117950    5.008392 ^ _383_/Y (sky130_fd_sc_hd__o211ai_4)
                                                         _167_ (net)
                      0.204206    0.001276    5.009667 ^ _386_/C1 (sky130_fd_sc_hd__o211ai_4)
     4    0.019232    0.104480    0.131707    5.141374 v _386_/Y (sky130_fd_sc_hd__o211ai_4)
                                                         _170_ (net)
                      0.104488    0.001652    5.143026 v _387_/C1 (sky130_fd_sc_hd__o211ai_2)
     3    0.016555    0.246960    0.129154    5.272180 ^ _387_/Y (sky130_fd_sc_hd__o211ai_2)
                                                         _171_ (net)
                      0.246963    0.001279    5.273458 ^ _463_/C1 (sky130_fd_sc_hd__o221ai_1)
     1    0.005313    0.126163    0.184293    5.457751 v _463_/Y (sky130_fd_sc_hd__o221ai_1)
                                                         _214_ (net)
                      0.126164    0.000410    5.458161 v _465_/A (sky130_fd_sc_hd__nand2_1)
     1    0.003049    0.052569    0.088765    5.546926 ^ _465_/Y (sky130_fd_sc_hd__nand2_1)
                                                         bit_adder[31].FA.sum (net)
                      0.052569    0.000132    5.547059 ^ _479_/A (sky130_fd_sc_hd__buf_1)
     1    0.010439    0.129876    0.143660    5.690719 ^ _479_/X (sky130_fd_sc_hd__buf_1)
                                                         net92 (net)
                      0.129886    0.000937    5.691655 ^ output92/A (sky130_fd_sc_hd__clkbuf_16)
     1   10.000793   10.082814    6.844731   12.536386 ^ output92/X (sky130_fd_sc_hd__clkbuf_16)
                                                         sum[31] (net)
                     10.116160    0.477489   13.013876 ^ sum[31] (out)
                                             13.013876   data arrival time

                                 22.000000   22.000000   clock clk (rise edge)
                                  0.000000   22.000000   clock network delay (propagated)
                                 -0.200000   21.800001   clock uncertainty
                                  0.000000   21.800001   clock reconvergence pessimism
                                 -0.500000   21.300001   output external delay
                                             21.300001   data required time
---------------------------------------------------------------------------------------------
                                             21.300001   data required time
                                            -13.013876   data arrival time
---------------------------------------------------------------------------------------------
                                              8.286125   slack (MET)




===========================================================================
report_checks --slack_max -0.01
============================================================================
======================= max_tt_025C_1v80 Corner ===================================

No paths found.


===========================================================================
 report_check_types -max_slew -max_cap -max_fanout -violators
============================================================================
======================= max_tt_025C_1v80 Corner ===================================

max slew

Pin                                        Limit        Slew       Slack
------------------------------------------------------------------------
output75/X                              1.508186   10.123059   -8.614874 (VIOLATED)
output74/X                              1.508186   10.118940   -8.610755 (VIOLATED)
output67/X                              1.508186   10.094145   -8.585958 (VIOLATED)
output85/X                              1.508186   10.093517   -8.585332 (VIOLATED)
output83/X                              1.508186   10.093201   -8.585014 (VIOLATED)
output84/X                              1.508186   10.092685   -8.584499 (VIOLATED)
output97/X                              1.508186   10.089688   -8.581503 (VIOLATED)
output91/X                              1.508186   10.089404   -8.581219 (VIOLATED)
output90/X                              1.508186   10.088000   -8.579815 (VIOLATED)
output96/X                              1.508186   10.087325   -8.579140 (VIOLATED)
output89/X                              1.508186   10.086375   -8.578190 (VIOLATED)
output88/X                              1.508186   10.086115   -8.577929 (VIOLATED)
output76/X                              1.508186   10.084403   -8.576218 (VIOLATED)
output80/X                              1.508186   10.083843   -8.575658 (VIOLATED)
output92/X                              1.508186   10.082814   -8.574629 (VIOLATED)
output86/X                              1.508186   10.082594   -8.574409 (VIOLATED)
output79/X                              1.508186   10.080947   -8.572762 (VIOLATED)
output99/X                              1.508186   10.080925   -8.572740 (VIOLATED)
output73/X                              1.508186   10.078923   -8.570737 (VIOLATED)
output87/X                              1.508186   10.078539   -8.570354 (VIOLATED)
output93/X                              1.508186   10.077752   -8.569567 (VIOLATED)
output95/X                              1.508186   10.077735   -8.569550 (VIOLATED)
output77/X                              1.508186   10.074656   -8.566471 (VIOLATED)
output78/X                              1.508186   10.074618   -8.566433 (VIOLATED)
output72/X                              1.508186   10.073957   -8.565771 (VIOLATED)
output70/X                              1.508186   10.073237   -8.565052 (VIOLATED)
output98/X                              1.508186   10.072280   -8.564095 (VIOLATED)
output81/X                              1.508186   10.071924   -8.563739 (VIOLATED)
output68/X                              1.508186   10.069713   -8.561527 (VIOLATED)
output66/X                              1.508186   10.069033   -8.560847 (VIOLATED)
output94/X                              1.508186   10.067998   -8.559813 (VIOLATED)
output82/X                              1.508186   10.065743   -8.557557 (VIOLATED)
output69/X                              1.508186   10.061823   -8.553638 (VIOLATED)
output71/X                              1.508186   10.056377   -8.548192 (VIOLATED)

max capacitance

Pin                                        Limit         Cap       Slack
------------------------------------------------------------------------
output74/X                              1.531687   10.001423   -8.469736 (VIOLATED)
output75/X                              1.531687   10.001423   -8.469736 (VIOLATED)
output83/X                              1.531687   10.001014   -8.469327 (VIOLATED)
output84/X                              1.531687   10.000972   -8.469284 (VIOLATED)
output78/X                              1.531687   10.000887   -8.469200 (VIOLATED)
output77/X                              1.531687   10.000878   -8.469192 (VIOLATED)
output85/X                              1.531687   10.000874   -8.469187 (VIOLATED)
output67/X                              1.531687   10.000851   -8.469164 (VIOLATED)
output89/X                              1.531687   10.000848   -8.469161 (VIOLATED)
output91/X                              1.531687   10.000838   -8.469151 (VIOLATED)
output87/X                              1.531687   10.000820   -8.469133 (VIOLATED)
output86/X                              1.531687   10.000798   -8.469110 (VIOLATED)
output80/X                              1.531687   10.000783   -8.469096 (VIOLATED)
output81/X                              1.531687   10.000790   -8.469102 (VIOLATED)
output88/X                              1.531687   10.000791   -8.469104 (VIOLATED)
output92/X                              1.531687   10.000793   -8.469106 (VIOLATED)
output76/X                              1.531687   10.000757   -8.469070 (VIOLATED)
output82/X                              1.531687   10.000763   -8.469076 (VIOLATED)
output73/X                              1.531687   10.000544   -8.468857 (VIOLATED)
output93/X                              1.531687   10.000515   -8.468828 (VIOLATED)
output95/X                              1.531687   10.000515   -8.468828 (VIOLATED)
output97/X                              1.531687   10.000517   -8.468830 (VIOLATED)
output68/X                              1.531687   10.000504   -8.468818 (VIOLATED)
output90/X                              1.531687   10.000486   -8.468800 (VIOLATED)
output96/X                              1.531687   10.000494   -8.468806 (VIOLATED)
output66/X                              1.531687   10.000445   -8.468759 (VIOLATED)
output79/X                              1.531687   10.000444   -8.468757 (VIOLATED)
output94/X                              1.531687   10.000393   -8.468706 (VIOLATED)
output99/X                              1.531687   10.000401   -8.468714 (VIOLATED)
output69/X                              1.531687   10.000381   -8.468695 (VIOLATED)
output72/X                              1.531687   10.000370   -8.468683 (VIOLATED)
output70/X                              1.531687   10.000340   -8.468652 (VIOLATED)
output71/X                              1.531687   10.000317   -8.468630 (VIOLATED)
output98/X                              1.531687   10.000317   -8.468630 (VIOLATED)



===========================================================================
report_parasitic_annotation -report_unannotated
============================================================================
Found 1 unannotated drivers.
 clk
Found 0 partially unannotated drivers.

===========================================================================
max slew violation count 34
max fanout violation count 0
max cap violation count 34
============================================================================

===========================================================================
check_setup -verbose -unconstrained_endpoints -multiple_clock -no_clock -no_input_delay -loops -generated_clocks
===========================================================================
