
===========================================================================
report_checks -unconstrained
===========================================================================
======================= max_ff_n40C_1v95 Corner ===================================

Startpoint: b[1] (input port clocked by clk)
Endpoint: sum[31] (output port clocked by clk)
Path Group: clk
Path Type: max

Fanout         Cap        Slew       Delay        Time   Description
---------------------------------------------------------------------------------------------
                                  0.000000    0.000000   clock clk (rise edge)
                                  0.000000    0.000000   clock network delay (propagated)
                                  1.000000    1.000000 ^ input external delay
     1    0.002751    0.000000    0.000000    1.000000 ^ b[1] (in)
                                                         b[1] (net)
                      0.000174    0.000087    1.000087 ^ input44/A (sky130_fd_sc_hd__buf_1)
     4    0.019488    0.173556    0.140388    1.140475 ^ input44/X (sky130_fd_sc_hd__buf_1)
                                                         net44 (net)
                      0.173582    0.001766    1.142241 ^ _298_/A (sky130_fd_sc_hd__nand2_1)
     3    0.011788    0.078781    0.078887    1.221128 v _298_/Y (sky130_fd_sc_hd__nand2_1)
                                                         _082_ (net)
                      0.078794    0.000812    1.221940 v _304_/A (sky130_fd_sc_hd__nand3_2)
     3    0.019451    0.090383    0.097057    1.318997 ^ _304_/Y (sky130_fd_sc_hd__nand3_2)
                                                         _088_ (net)
                      0.090459    0.002053    1.321050 ^ _308_/B1 (sky130_fd_sc_hd__a22oi_4)
     3    0.023513    0.065794    0.053159    1.374209 v _308_/Y (sky130_fd_sc_hd__a22oi_4)
                                                         _092_ (net)
                      0.065922    0.002384    1.376593 v _311_/B2 (sky130_fd_sc_hd__o221ai_4)
     3    0.010703    0.133437    0.119748    1.496341 ^ _311_/Y (sky130_fd_sc_hd__o221ai_4)
                                                         _095_ (net)
                      0.133437    0.000733    1.497074 ^ _315_/C1 (sky130_fd_sc_hd__o211ai_1)
     1    0.003316    0.048921    0.045016    1.542091 v _315_/Y (sky130_fd_sc_hd__o211ai_1)
                                                         _099_ (net)
                      0.048921    0.000146    1.542237 v _317_/C1 (sky130_fd_sc_hd__o211ai_1)
     2    0.006251    0.143775    0.079060    1.621297 ^ _317_/Y (sky130_fd_sc_hd__o211ai_1)
                                                         _101_ (net)
                      0.143776    0.000442    1.621739 ^ _321_/C1 (sky130_fd_sc_hd__o211ai_1)
     1    0.003275    0.050454    0.044723    1.666462 v _321_/Y (sky130_fd_sc_hd__o211ai_1)
                                                         _105_ (net)
                      0.050454    0.000146    1.666608 v _323_/C1 (sky130_fd_sc_hd__o211ai_1)
     1    0.003205    0.106144    0.061782    1.728390 ^ _323_/Y (sky130_fd_sc_hd__o211ai_1)
                                                         _107_ (net)
                      0.106144    0.000143    1.728533 ^ _327_/C1 (sky130_fd_sc_hd__o211ai_1)
     1    0.005791    0.061177    0.055391    1.783924 v _327_/Y (sky130_fd_sc_hd__o211ai_1)
                                                         _111_ (net)
                      0.061177    0.000281    1.784205 v _329_/C1 (sky130_fd_sc_hd__o211ai_2)
     2    0.013126    0.157019    0.076528    1.860733 ^ _329_/Y (sky130_fd_sc_hd__o211ai_2)
                                                         _113_ (net)
                      0.157020    0.000671    1.861404 ^ _333_/C1 (sky130_fd_sc_hd__o211ai_4)
     2    0.015459    0.059257    0.050419    1.911822 v _333_/Y (sky130_fd_sc_hd__o211ai_4)
                                                         _117_ (net)
                      0.059282    0.001568    1.913391 v _335_/C1 (sky130_fd_sc_hd__o211ai_4)
     3    0.020179    0.170370    0.082752    1.996143 ^ _335_/Y (sky130_fd_sc_hd__o211ai_4)
                                                         _119_ (net)
                      0.170376    0.001842    1.997984 ^ _340_/C1 (sky130_fd_sc_hd__o211ai_2)
     1    0.009188    0.063568    0.057787    2.055772 v _340_/Y (sky130_fd_sc_hd__o211ai_2)
                                                         _124_ (net)
                      0.063592    0.000472    2.056244 v _341_/C1 (sky130_fd_sc_hd__o211ai_4)
     2    0.019912    0.169240    0.084317    2.140561 ^ _341_/Y (sky130_fd_sc_hd__o211ai_4)
                                                         _125_ (net)
                      0.169243    0.001462    2.142023 ^ _345_/C1 (sky130_fd_sc_hd__o211ai_4)
     2    0.022780    0.071852    0.062932    2.204955 v _345_/Y (sky130_fd_sc_hd__o211ai_4)
                                                         _129_ (net)
                      0.071926    0.001802    2.206757 v _347_/C1 (sky130_fd_sc_hd__o211ai_4)
     1    0.047728    0.294779    0.134995    2.341753 ^ _347_/Y (sky130_fd_sc_hd__o211ai_4)
                                                         _131_ (net)
                      0.295999    0.014574    2.356326 ^ _351_/C1 (sky130_fd_sc_hd__o211ai_2)
     1    0.010323    0.088421    0.065322    2.421648 v _351_/Y (sky130_fd_sc_hd__o211ai_2)
                                                         _135_ (net)
                      0.088423    0.000883    2.422530 v _353_/C1 (sky130_fd_sc_hd__o211ai_1)
     2    0.008877    0.176456    0.111381    2.533912 ^ _353_/Y (sky130_fd_sc_hd__o211ai_1)
                                                         _137_ (net)
                      0.176457    0.000637    2.534549 ^ _358_/C1 (sky130_fd_sc_hd__o211ai_1)
     1    0.003443    0.056412    0.045471    2.580020 v _358_/Y (sky130_fd_sc_hd__o211ai_1)
                                                         _142_ (net)
                      0.056412    0.000235    2.580255 v _360_/C1 (sky130_fd_sc_hd__o211ai_1)
     1    0.003974    0.115656    0.068789    2.649044 ^ _360_/Y (sky130_fd_sc_hd__o211ai_1)
                                                         _144_ (net)
                      0.115656    0.000180    2.649224 ^ _364_/C1 (sky130_fd_sc_hd__o211ai_1)
     2    0.009077    0.074742    0.071171    2.720395 v _364_/Y (sky130_fd_sc_hd__o211ai_1)
                                                         _148_ (net)
                      0.074748    0.000696    2.721091 v _366_/C1 (sky130_fd_sc_hd__o211ai_1)
     2    0.007873    0.163959    0.099612    2.820703 ^ _366_/Y (sky130_fd_sc_hd__o211ai_1)
                                                         _150_ (net)
                      0.163960    0.000524    2.821227 ^ _370_/C1 (sky130_fd_sc_hd__o211ai_1)
     1    0.004837    0.059682    0.053618    2.874844 v _370_/Y (sky130_fd_sc_hd__o211ai_1)
                                                         _154_ (net)
                      0.059684    0.000311    2.875155 v _372_/C1 (sky130_fd_sc_hd__o211ai_1)
     2    0.007422    0.158341    0.090383    2.965538 ^ _372_/Y (sky130_fd_sc_hd__o211ai_1)
                                                         _156_ (net)
                      0.158341    0.000564    2.966102 ^ _376_/C1 (sky130_fd_sc_hd__o211ai_1)
     1    0.003696    0.054398    0.047030    3.013133 v _376_/Y (sky130_fd_sc_hd__o211ai_1)
                                                         _160_ (net)
                      0.054399    0.000164    3.013296 v _377_/C1 (sky130_fd_sc_hd__o211ai_1)
     1    0.005798    0.138166    0.078578    3.091874 ^ _377_/Y (sky130_fd_sc_hd__o211ai_1)
                                                         _161_ (net)
                      0.138166    0.000429    3.092303 ^ _381_/C1 (sky130_fd_sc_hd__o211ai_2)
     1    0.010139    0.064180    0.059780    3.152083 v _381_/Y (sky130_fd_sc_hd__o211ai_2)
                                                         _165_ (net)
                      0.064184    0.000886    3.152969 v _383_/C1 (sky130_fd_sc_hd__o211ai_4)
     3    0.016715    0.155064    0.078544    3.231513 ^ _383_/Y (sky130_fd_sc_hd__o211ai_4)
                                                         _167_ (net)
                      0.155067    0.001289    3.232801 ^ _386_/C1 (sky130_fd_sc_hd__o211ai_4)
     4    0.019319    0.064191    0.056754    3.289555 v _386_/Y (sky130_fd_sc_hd__o211ai_4)
                                                         _170_ (net)
                      0.064265    0.001659    3.291214 v _387_/C1 (sky130_fd_sc_hd__o211ai_2)
     3    0.016748    0.183216    0.087528    3.378742 ^ _387_/Y (sky130_fd_sc_hd__o211ai_2)
                                                         _171_ (net)
                      0.183232    0.001297    3.380040 ^ _463_/C1 (sky130_fd_sc_hd__o221ai_1)
     1    0.005318    0.066730    0.063896    3.443936 v _463_/Y (sky130_fd_sc_hd__o221ai_1)
                                                         _214_ (net)
                      0.066754    0.000410    3.444346 v _465_/A (sky130_fd_sc_hd__nand2_1)
     1    0.003116    0.036229    0.052220    3.496565 ^ _465_/Y (sky130_fd_sc_hd__nand2_1)
                                                         bit_adder[31].FA.sum (net)
                      0.036230    0.000136    3.496701 ^ _479_/A (sky130_fd_sc_hd__buf_1)
     1    0.010508    0.096963    0.097663    3.594364 ^ _479_/X (sky130_fd_sc_hd__buf_1)
                                                         net92 (net)
                      0.096977    0.000943    3.595307 ^ output92/A (sky130_fd_sc_hd__clkbuf_16)
     1   10.000793    7.920645    5.141754    8.737062 ^ output92/X (sky130_fd_sc_hd__clkbuf_16)
                                                         sum[31] (net)
                      7.964014    0.476681    9.213742 ^ sum[31] (out)
                                              9.213742   data arrival time

                                 22.000000   22.000000   clock clk (rise edge)
                                  0.000000   22.000000   clock network delay (propagated)
                                 -0.200000   21.800001   clock uncertainty
                                  0.000000   21.800001   clock reconvergence pessimism
                                 -0.500000   21.300001   output external delay
                                             21.300001   data required time
---------------------------------------------------------------------------------------------
                                             21.300001   data required time
                                             -9.213742   data arrival time
---------------------------------------------------------------------------------------------
                                             12.086259   slack (MET)




===========================================================================
report_checks --slack_max -0.01
============================================================================
======================= max_ff_n40C_1v95 Corner ===================================

No paths found.


===========================================================================
 report_check_types -max_slew -max_cap -max_fanout -violators
============================================================================
======================= max_ff_n40C_1v95 Corner ===================================

max slew

Pin                                        Limit        Slew       Slack
------------------------------------------------------------------------
output74/X                              1.506265    7.958555   -6.452290 (VIOLATED)
output75/X                              1.506265    7.953506   -6.447242 (VIOLATED)
output78/X                              1.506265    7.935599   -6.429334 (VIOLATED)
output89/X                              1.506265    7.932352   -6.426087 (VIOLATED)
output67/X                              1.506265    7.929702   -6.423438 (VIOLATED)
output85/X                              1.506265    7.928384   -6.422120 (VIOLATED)
output82/X                              1.506265    7.927538   -6.421273 (VIOLATED)
output84/X                              1.506265    7.927457   -6.421192 (VIOLATED)
output83/X                              1.506265    7.926834   -6.420568 (VIOLATED)
output91/X                              1.506265    7.925810   -6.419546 (VIOLATED)
output87/X                              1.506265    7.925128   -6.418862 (VIOLATED)
output66/X                              1.506265    7.924775   -6.418510 (VIOLATED)
output81/X                              1.506265    7.924687   -6.418422 (VIOLATED)
output97/X                              1.506265    7.924341   -6.418077 (VIOLATED)
output79/X                              1.506265    7.923226   -6.416961 (VIOLATED)
output90/X                              1.506265    7.922894   -6.416629 (VIOLATED)
output68/X                              1.506265    7.922836   -6.416571 (VIOLATED)
output96/X                              1.506265    7.922822   -6.416557 (VIOLATED)
output69/X                              1.506265    7.922002   -6.415737 (VIOLATED)
output94/X                              1.506265    7.920995   -6.414730 (VIOLATED)
output92/X                              1.506265    7.920645   -6.414380 (VIOLATED)
output88/X                              1.506265    7.920456   -6.414192 (VIOLATED)
output76/X                              1.506265    7.920228   -6.413962 (VIOLATED)
output95/X                              1.506265    7.920099   -6.413835 (VIOLATED)
output93/X                              1.506265    7.920083   -6.413818 (VIOLATED)
output86/X                              1.506265    7.919289   -6.413023 (VIOLATED)
output80/X                              1.506265    7.919074   -6.412809 (VIOLATED)
output72/X                              1.506265    7.918399   -6.412135 (VIOLATED)
output70/X                              1.506265    7.917325   -6.411060 (VIOLATED)
output71/X                              1.506265    7.917329   -6.411064 (VIOLATED)
output77/X                              1.506265    7.916856   -6.410591 (VIOLATED)
output99/X                              1.506265    7.915946   -6.409680 (VIOLATED)
output73/X                              1.506265    7.913417   -6.407152 (VIOLATED)
output98/X                              1.506265    7.913225   -6.406960 (VIOLATED)

max capacitance

Pin                                        Limit         Cap       Slack
------------------------------------------------------------------------
output74/X                              1.953745   10.001423   -8.047679 (VIOLATED)
output75/X                              1.953745   10.001423   -8.047679 (VIOLATED)
output83/X                              1.953745   10.001014   -8.047270 (VIOLATED)
output84/X                              1.953745   10.000972   -8.047226 (VIOLATED)
output78/X                              1.953745   10.000887   -8.047143 (VIOLATED)
output77/X                              1.953745   10.000878   -8.047134 (VIOLATED)
output85/X                              1.953745   10.000874   -8.047129 (VIOLATED)
output67/X                              1.953745   10.000851   -8.047107 (VIOLATED)
output89/X                              1.953745   10.000848   -8.047103 (VIOLATED)
output91/X                              1.953745   10.000838   -8.047092 (VIOLATED)
output87/X                              1.953745   10.000820   -8.047075 (VIOLATED)
output86/X                              1.953745   10.000798   -8.047052 (VIOLATED)
output80/X                              1.953745   10.000783   -8.047039 (VIOLATED)
output81/X                              1.953745   10.000790   -8.047044 (VIOLATED)
output88/X                              1.953745   10.000791   -8.047046 (VIOLATED)
output92/X                              1.953745   10.000793   -8.047048 (VIOLATED)
output76/X                              1.953745   10.000757   -8.047012 (VIOLATED)
output82/X                              1.953745   10.000763   -8.047018 (VIOLATED)
output73/X                              1.953745   10.000544   -8.046800 (VIOLATED)
output93/X                              1.953745   10.000515   -8.046770 (VIOLATED)
output95/X                              1.953745   10.000515   -8.046770 (VIOLATED)
output97/X                              1.953745   10.000517   -8.046772 (VIOLATED)
output68/X                              1.953745   10.000504   -8.046760 (VIOLATED)
output90/X                              1.953745   10.000486   -8.046742 (VIOLATED)
output96/X                              1.953745   10.000494   -8.046749 (VIOLATED)
output66/X                              1.953745   10.000445   -8.046700 (VIOLATED)
output79/X                              1.953745   10.000444   -8.046699 (VIOLATED)
output94/X                              1.953745   10.000393   -8.046648 (VIOLATED)
output99/X                              1.953745   10.000401   -8.046656 (VIOLATED)
output69/X                              1.953745   10.000381   -8.046637 (VIOLATED)
output72/X                              1.953745   10.000370   -8.046626 (VIOLATED)
output70/X                              1.953745   10.000340   -8.046595 (VIOLATED)
output71/X                              1.953745   10.000317   -8.046572 (VIOLATED)
output98/X                              1.953745   10.000317   -8.046572 (VIOLATED)



===========================================================================
report_parasitic_annotation -report_unannotated
============================================================================
Found 1 unannotated drivers.
 clk
Found 0 partially unannotated drivers.

===========================================================================
max slew violation count 34
max fanout violation count 0
max cap violation count 34
============================================================================

===========================================================================
check_setup -verbose -unconstrained_endpoints -multiple_clock -no_clock -no_input_delay -loops -generated_clocks
===========================================================================
